
t_t：     文件格式 elf64-x86-64


Disassembly of section .interp:

0000000000400238 <.interp>:
  400238:	2f                   	(bad)  
  400239:	6c                   	insb   (%dx),%es:(%rdi)
  40023a:	69 62 36 34 2f 6c 64 	imul   $0x646c2f34,0x36(%rdx),%esp
  400241:	2d 6c 69 6e 75       	sub    $0x756e696c,%eax
  400246:	78 2d                	js     400275 <_init-0x11b>
  400248:	78 38                	js     400282 <_init-0x10e>
  40024a:	36 2d 36 34 2e 73    	ss sub $0x732e3436,%eax
  400250:	6f                   	outsl  %ds:(%rsi),(%dx)
  400251:	2e 32 00             	xor    %cs:(%rax),%al

Disassembly of section .note.ABI-tag:

0000000000400254 <.note.ABI-tag>:
  400254:	04 00                	add    $0x0,%al
  400256:	00 00                	add    %al,(%rax)
  400258:	10 00                	adc    %al,(%rax)
  40025a:	00 00                	add    %al,(%rax)
  40025c:	01 00                	add    %eax,(%rax)
  40025e:	00 00                	add    %al,(%rax)
  400260:	47                   	rex.RXB
  400261:	4e 55                	rex.WRX push %rbp
  400263:	00 00                	add    %al,(%rax)
  400265:	00 00                	add    %al,(%rax)
  400267:	00 02                	add    %al,(%rdx)
  400269:	00 00                	add    %al,(%rax)
  40026b:	00 06                	add    %al,(%rsi)
  40026d:	00 00                	add    %al,(%rax)
  40026f:	00 20                	add    %ah,(%rax)
  400271:	00 00                	add    %al,(%rax)
	...

Disassembly of section .note.gnu.build-id:

0000000000400274 <.note.gnu.build-id>:
  400274:	04 00                	add    $0x0,%al
  400276:	00 00                	add    %al,(%rax)
  400278:	14 00                	adc    $0x0,%al
  40027a:	00 00                	add    %al,(%rax)
  40027c:	03 00                	add    (%rax),%eax
  40027e:	00 00                	add    %al,(%rax)
  400280:	47                   	rex.RXB
  400281:	4e 55                	rex.WRX push %rbp
  400283:	00 e3                	add    %ah,%bl
  400285:	47 c6                	rex.RXB (bad) 
  400287:	a3 be 50 4e 9a cc ef 	movabs %eax,0x488defcc9a4e50be
  40028e:	8d 48 
  400290:	c2 fb 05             	retq   $0x5fb
  400293:	97                   	xchg   %eax,%edi
  400294:	ed                   	in     (%dx),%eax
  400295:	95                   	xchg   %eax,%ebp
  400296:	9a                   	(bad)  
  400297:	98                   	cwtl   

Disassembly of section .gnu.hash:

0000000000400298 <.gnu.hash>:
  400298:	01 00                	add    %eax,(%rax)
  40029a:	00 00                	add    %al,(%rax)
  40029c:	01 00                	add    %eax,(%rax)
  40029e:	00 00                	add    %al,(%rax)
  4002a0:	01 00                	add    %eax,(%rax)
	...

Disassembly of section .dynsym:

00000000004002b8 <.dynsym>:
	...
  4002d0:	0b 00                	or     (%rax),%eax
  4002d2:	00 00                	add    %al,(%rax)
  4002d4:	12 00                	adc    (%rax),%al
	...
  4002e6:	00 00                	add    %al,(%rax)
  4002e8:	1d 00 00 00 20       	sbb    $0x20000000,%eax
	...

Disassembly of section .dynstr:

0000000000400300 <.dynstr>:
  400300:	00 6c 69 62          	add    %ch,0x62(%rcx,%rbp,2)
  400304:	63 2e                	movslq (%rsi),%ebp
  400306:	73 6f                	jae    400377 <_init-0x19>
  400308:	2e 36 00 5f 5f       	cs add %bl,%ss:0x5f(%rdi)
  40030d:	6c                   	insb   (%dx),%es:(%rdi)
  40030e:	69 62 63 5f 73 74 61 	imul   $0x6174735f,0x63(%rdx),%esp
  400315:	72 74                	jb     40038b <_init-0x5>
  400317:	5f                   	pop    %rdi
  400318:	6d                   	insl   (%dx),%es:(%rdi)
  400319:	61                   	(bad)  
  40031a:	69 6e 00 5f 5f 67 6d 	imul   $0x6d675f5f,0x0(%rsi),%ebp
  400321:	6f                   	outsl  %ds:(%rsi),(%dx)
  400322:	6e                   	outsb  %ds:(%rsi),(%dx)
  400323:	5f                   	pop    %rdi
  400324:	73 74                	jae    40039a <_init+0xa>
  400326:	61                   	(bad)  
  400327:	72 74                	jb     40039d <_init+0xd>
  400329:	5f                   	pop    %rdi
  40032a:	5f                   	pop    %rdi
  40032b:	00 47 4c             	add    %al,0x4c(%rdi)
  40032e:	49                   	rex.WB
  40032f:	42                   	rex.X
  400330:	43 5f                	rex.XB pop %r15
  400332:	32 2e                	xor    (%rsi),%ch
  400334:	32 2e                	xor    (%rsi),%ch
  400336:	35                   	.byte 0x35
	...

Disassembly of section .gnu.version:

0000000000400338 <.gnu.version>:
  400338:	00 00                	add    %al,(%rax)
  40033a:	02 00                	add    (%rax),%al
	...

Disassembly of section .gnu.version_r:

0000000000400340 <.gnu.version_r>:
  400340:	01 00                	add    %eax,(%rax)
  400342:	01 00                	add    %eax,(%rax)
  400344:	01 00                	add    %eax,(%rax)
  400346:	00 00                	add    %al,(%rax)
  400348:	10 00                	adc    %al,(%rax)
  40034a:	00 00                	add    %al,(%rax)
  40034c:	00 00                	add    %al,(%rax)
  40034e:	00 00                	add    %al,(%rax)
  400350:	75 1a                	jne    40036c <_init-0x24>
  400352:	69 09 00 00 02 00    	imul   $0x20000,(%rcx),%ecx
  400358:	2c 00                	sub    $0x0,%al
  40035a:	00 00                	add    %al,(%rax)
  40035c:	00 00                	add    %al,(%rax)
	...

Disassembly of section .rela.dyn:

0000000000400360 <.rela.dyn>:
  400360:	f8                   	clc    
  400361:	0f 60 00             	punpcklbw (%rax),%mm0
  400364:	00 00                	add    %al,(%rax)
  400366:	00 00                	add    %al,(%rax)
  400368:	06                   	(bad)  
  400369:	00 00                	add    %al,(%rax)
  40036b:	00 02                	add    %al,(%rdx)
	...

Disassembly of section .rela.plt:

0000000000400378 <.rela.plt>:
  400378:	18 10                	sbb    %dl,(%rax)
  40037a:	60                   	(bad)  
  40037b:	00 00                	add    %al,(%rax)
  40037d:	00 00                	add    %al,(%rax)
  40037f:	00 07                	add    %al,(%rdi)
  400381:	00 00                	add    %al,(%rax)
  400383:	00 01                	add    %al,(%rcx)
	...

Disassembly of section .init:

0000000000400390 <_init>:
  400390:	48 83 ec 08          	sub    $0x8,%rsp
  400394:	48 8b 05 5d 0c 20 00 	mov    0x200c5d(%rip),%rax        # 600ff8 <__gmon_start__>
  40039b:	48 85 c0             	test   %rax,%rax
  40039e:	74 05                	je     4003a5 <_init+0x15>
  4003a0:	e8 2b 00 00 00       	callq  4003d0 <.plt.got>
  4003a5:	48 83 c4 08          	add    $0x8,%rsp
  4003a9:	c3                   	retq   

Disassembly of section .plt:

00000000004003b0 <.plt>:
  4003b0:	ff 35 52 0c 20 00    	pushq  0x200c52(%rip)        # 601008 <_GLOBAL_OFFSET_TABLE_+0x8>
  4003b6:	ff 25 54 0c 20 00    	jmpq   *0x200c54(%rip)        # 601010 <_GLOBAL_OFFSET_TABLE_+0x10>
  4003bc:	0f 1f 40 00          	nopl   0x0(%rax)

00000000004003c0 <__libc_start_main@plt>:
  4003c0:	ff 25 52 0c 20 00    	jmpq   *0x200c52(%rip)        # 601018 <__libc_start_main@GLIBC_2.2.5>
  4003c6:	68 00 00 00 00       	pushq  $0x0
  4003cb:	e9 e0 ff ff ff       	jmpq   4003b0 <.plt>

Disassembly of section .plt.got:

00000000004003d0 <.plt.got>:
  4003d0:	ff 25 22 0c 20 00    	jmpq   *0x200c22(%rip)        # 600ff8 <__gmon_start__>
  4003d6:	66 90                	xchg   %ax,%ax

Disassembly of section .text:

00000000004003e0 <_start>:
  4003e0:	31 ed                	xor    %ebp,%ebp
  4003e2:	49 89 d1             	mov    %rdx,%r9
  4003e5:	5e                   	pop    %rsi
  4003e6:	48 89 e2             	mov    %rsp,%rdx
  4003e9:	48 83 e4 f0          	and    $0xfffffffffffffff0,%rsp
  4003ed:	50                   	push   %rax
  4003ee:	54                   	push   %rsp
  4003ef:	49 c7 c0 a0 05 40 00 	mov    $0x4005a0,%r8
  4003f6:	48 c7 c1 30 05 40 00 	mov    $0x400530,%rcx
  4003fd:	48 c7 c7 ff 04 40 00 	mov    $0x4004ff,%rdi
  400404:	e8 b7 ff ff ff       	callq  4003c0 <__libc_start_main@plt>
  400409:	f4                   	hlt    
  40040a:	66 0f 1f 44 00 00    	nopw   0x0(%rax,%rax,1)

0000000000400410 <deregister_tm_clones>:
  400410:	b8 2f 10 60 00       	mov    $0x60102f,%eax
  400415:	55                   	push   %rbp
  400416:	48 2d 28 10 60 00    	sub    $0x601028,%rax
  40041c:	48 83 f8 0e          	cmp    $0xe,%rax
  400420:	48 89 e5             	mov    %rsp,%rbp
  400423:	77 02                	ja     400427 <deregister_tm_clones+0x17>
  400425:	5d                   	pop    %rbp
  400426:	c3                   	retq   
  400427:	b8 00 00 00 00       	mov    $0x0,%eax
  40042c:	48 85 c0             	test   %rax,%rax
  40042f:	74 f4                	je     400425 <deregister_tm_clones+0x15>
  400431:	5d                   	pop    %rbp
  400432:	bf 28 10 60 00       	mov    $0x601028,%edi
  400437:	ff e0                	jmpq   *%rax
  400439:	0f 1f 80 00 00 00 00 	nopl   0x0(%rax)

0000000000400440 <register_tm_clones>:
  400440:	b8 28 10 60 00       	mov    $0x601028,%eax
  400445:	55                   	push   %rbp
  400446:	48 2d 28 10 60 00    	sub    $0x601028,%rax
  40044c:	48 c1 f8 03          	sar    $0x3,%rax
  400450:	48 89 e5             	mov    %rsp,%rbp
  400453:	48 89 c2             	mov    %rax,%rdx
  400456:	48 c1 ea 3f          	shr    $0x3f,%rdx
  40045a:	48 01 d0             	add    %rdx,%rax
  40045d:	48 d1 f8             	sar    %rax
  400460:	75 02                	jne    400464 <register_tm_clones+0x24>
  400462:	5d                   	pop    %rbp
  400463:	c3                   	retq   
  400464:	ba 00 00 00 00       	mov    $0x0,%edx
  400469:	48 85 d2             	test   %rdx,%rdx
  40046c:	74 f4                	je     400462 <register_tm_clones+0x22>
  40046e:	5d                   	pop    %rbp
  40046f:	48 89 c6             	mov    %rax,%rsi
  400472:	bf 28 10 60 00       	mov    $0x601028,%edi
  400477:	ff e2                	jmpq   *%rdx
  400479:	0f 1f 80 00 00 00 00 	nopl   0x0(%rax)

0000000000400480 <__do_global_dtors_aux>:
  400480:	80 3d 9d 0b 20 00 00 	cmpb   $0x0,0x200b9d(%rip)        # 601024 <_edata>
  400487:	75 11                	jne    40049a <__do_global_dtors_aux+0x1a>
  400489:	55                   	push   %rbp
  40048a:	48 89 e5             	mov    %rsp,%rbp
  40048d:	e8 7e ff ff ff       	callq  400410 <deregister_tm_clones>
  400492:	5d                   	pop    %rbp
  400493:	c6 05 8a 0b 20 00 01 	movb   $0x1,0x200b8a(%rip)        # 601024 <_edata>
  40049a:	f3 c3                	repz retq 
  40049c:	0f 1f 40 00          	nopl   0x0(%rax)

00000000004004a0 <frame_dummy>:
  4004a0:	48 83 3d 78 09 20 00 	cmpq   $0x0,0x200978(%rip)        # 600e20 <__JCR_END__>
  4004a7:	00 
  4004a8:	74 1e                	je     4004c8 <frame_dummy+0x28>
  4004aa:	b8 00 00 00 00       	mov    $0x0,%eax
  4004af:	48 85 c0             	test   %rax,%rax
  4004b2:	74 14                	je     4004c8 <frame_dummy+0x28>
  4004b4:	55                   	push   %rbp
  4004b5:	bf 20 0e 60 00       	mov    $0x600e20,%edi
  4004ba:	48 89 e5             	mov    %rsp,%rbp
  4004bd:	ff d0                	callq  *%rax
  4004bf:	5d                   	pop    %rbp
  4004c0:	e9 7b ff ff ff       	jmpq   400440 <register_tm_clones>
  4004c5:	0f 1f 00             	nopl   (%rax)
  4004c8:	e9 73 ff ff ff       	jmpq   400440 <register_tm_clones>

00000000004004cd <swap>:
  4004cd:	55                   	push   %rbp
  4004ce:	48 89 e5             	mov    %rsp,%rbp
  4004d1:	48 89 7d e8          	mov    %rdi,-0x18(%rbp)
  4004d5:	48 89 75 e0          	mov    %rsi,-0x20(%rbp)
  4004d9:	48 8b 45 e8          	mov    -0x18(%rbp),%rax
  4004dd:	48 8b 00             	mov    (%rax),%rax
  4004e0:	48 89 45 f8          	mov    %rax,-0x8(%rbp)
  4004e4:	48 8b 45 e0          	mov    -0x20(%rbp),%rax
  4004e8:	48 8b 10             	mov    (%rax),%rdx
  4004eb:	48 8b 45 e8          	mov    -0x18(%rbp),%rax
  4004ef:	48 89 10             	mov    %rdx,(%rax)
  4004f2:	48 8b 45 e0          	mov    -0x20(%rbp),%rax
  4004f6:	48 8b 55 f8          	mov    -0x8(%rbp),%rdx
  4004fa:	48 89 10             	mov    %rdx,(%rax)
  4004fd:	5d                   	pop    %rbp
  4004fe:	c3                   	retq   

00000000004004ff <main>:
  4004ff:	55                   	push   %rbp
  400500:	48 89 e5             	mov    %rsp,%rbp
  400503:	48 83 ec 10          	sub    $0x10,%rsp
  400507:	48 c7 45 f8 01 00 00 	movq   $0x1,-0x8(%rbp)
  40050e:	00 
  40050f:	48 c7 45 f0 02 00 00 	movq   $0x2,-0x10(%rbp)
  400516:	00 
  400517:	48 8d 55 f0          	lea    -0x10(%rbp),%rdx
  40051b:	48 8d 45 f8          	lea    -0x8(%rbp),%rax
  40051f:	48 89 d6             	mov    %rdx,%rsi
  400522:	48 89 c7             	mov    %rax,%rdi
  400525:	e8 a3 ff ff ff       	callq  4004cd <swap>
  40052a:	c9                   	leaveq 
  40052b:	c3                   	retq   
  40052c:	0f 1f 40 00          	nopl   0x0(%rax)

0000000000400530 <__libc_csu_init>:
  400530:	41 57                	push   %r15
  400532:	41 89 ff             	mov    %edi,%r15d
  400535:	41 56                	push   %r14
  400537:	49 89 f6             	mov    %rsi,%r14
  40053a:	41 55                	push   %r13
  40053c:	49 89 d5             	mov    %rdx,%r13
  40053f:	41 54                	push   %r12
  400541:	4c 8d 25 c8 08 20 00 	lea    0x2008c8(%rip),%r12        # 600e10 <__frame_dummy_init_array_entry>
  400548:	55                   	push   %rbp
  400549:	48 8d 2d c8 08 20 00 	lea    0x2008c8(%rip),%rbp        # 600e18 <__init_array_end>
  400550:	53                   	push   %rbx
  400551:	4c 29 e5             	sub    %r12,%rbp
  400554:	31 db                	xor    %ebx,%ebx
  400556:	48 c1 fd 03          	sar    $0x3,%rbp
  40055a:	48 83 ec 08          	sub    $0x8,%rsp
  40055e:	e8 2d fe ff ff       	callq  400390 <_init>
  400563:	48 85 ed             	test   %rbp,%rbp
  400566:	74 1e                	je     400586 <__libc_csu_init+0x56>
  400568:	0f 1f 84 00 00 00 00 	nopl   0x0(%rax,%rax,1)
  40056f:	00 
  400570:	4c 89 ea             	mov    %r13,%rdx
  400573:	4c 89 f6             	mov    %r14,%rsi
  400576:	44 89 ff             	mov    %r15d,%edi
  400579:	41 ff 14 dc          	callq  *(%r12,%rbx,8)
  40057d:	48 83 c3 01          	add    $0x1,%rbx
  400581:	48 39 eb             	cmp    %rbp,%rbx
  400584:	75 ea                	jne    400570 <__libc_csu_init+0x40>
  400586:	48 83 c4 08          	add    $0x8,%rsp
  40058a:	5b                   	pop    %rbx
  40058b:	5d                   	pop    %rbp
  40058c:	41 5c                	pop    %r12
  40058e:	41 5d                	pop    %r13
  400590:	41 5e                	pop    %r14
  400592:	41 5f                	pop    %r15
  400594:	c3                   	retq   
  400595:	90                   	nop
  400596:	66 2e 0f 1f 84 00 00 	nopw   %cs:0x0(%rax,%rax,1)
  40059d:	00 00 00 

00000000004005a0 <__libc_csu_fini>:
  4005a0:	f3 c3                	repz retq 

Disassembly of section .fini:

00000000004005a4 <_fini>:
  4005a4:	48 83 ec 08          	sub    $0x8,%rsp
  4005a8:	48 83 c4 08          	add    $0x8,%rsp
  4005ac:	c3                   	retq   

Disassembly of section .rodata:

00000000004005b0 <_IO_stdin_used>:
  4005b0:	01 00                	add    %eax,(%rax)
  4005b2:	02 00                	add    (%rax),%al
  4005b4:	00 00                	add    %al,(%rax)
	...

00000000004005b8 <__dso_handle>:
	...

Disassembly of section .eh_frame_hdr:

00000000004005c0 <__GNU_EH_FRAME_HDR>:
  4005c0:	01 1b                	add    %ebx,(%rbx)
  4005c2:	03 3b                	add    (%rbx),%edi
  4005c4:	3c 00                	cmp    $0x0,%al
  4005c6:	00 00                	add    %al,(%rax)
  4005c8:	06                   	(bad)  
  4005c9:	00 00                	add    %al,(%rax)
  4005cb:	00 f0                	add    %dh,%al
  4005cd:	fd                   	std    
  4005ce:	ff                   	(bad)  
  4005cf:	ff 88 00 00 00 20    	decl   0x20000000(%rax)
  4005d5:	fe                   	(bad)  
  4005d6:	ff                   	(bad)  
  4005d7:	ff 58 00             	lcall  *0x0(%rax)
  4005da:	00 00                	add    %al,(%rax)
  4005dc:	0d ff ff ff b0       	or     $0xb0ffffff,%eax
  4005e1:	00 00                	add    %al,(%rax)
  4005e3:	00 3f                	add    %bh,(%rdi)
  4005e5:	ff                   	(bad)  
  4005e6:	ff                   	(bad)  
  4005e7:	ff d0                	callq  *%rax
  4005e9:	00 00                	add    %al,(%rax)
  4005eb:	00 70 ff             	add    %dh,-0x1(%rax)
  4005ee:	ff                   	(bad)  
  4005ef:	ff f0                	push   %rax
  4005f1:	00 00                	add    %al,(%rax)
  4005f3:	00 e0                	add    %ah,%al
  4005f5:	ff                   	(bad)  
  4005f6:	ff                   	(bad)  
  4005f7:	ff                   	(bad)  
  4005f8:	38 01                	cmp    %al,(%rcx)
	...

Disassembly of section .eh_frame:

0000000000400600 <__FRAME_END__-0x110>:
  400600:	14 00                	adc    $0x0,%al
  400602:	00 00                	add    %al,(%rax)
  400604:	00 00                	add    %al,(%rax)
  400606:	00 00                	add    %al,(%rax)
  400608:	01 7a 52             	add    %edi,0x52(%rdx)
  40060b:	00 01                	add    %al,(%rcx)
  40060d:	78 10                	js     40061f <__GNU_EH_FRAME_HDR+0x5f>
  40060f:	01 1b                	add    %ebx,(%rbx)
  400611:	0c 07                	or     $0x7,%al
  400613:	08 90 01 07 10 14    	or     %dl,0x14100701(%rax)
  400619:	00 00                	add    %al,(%rax)
  40061b:	00 1c 00             	add    %bl,(%rax,%rax,1)
  40061e:	00 00                	add    %al,(%rax)
  400620:	c0 fd ff             	sar    $0xff,%ch
  400623:	ff 2a                	ljmp   *(%rdx)
	...
  40062d:	00 00                	add    %al,(%rax)
  40062f:	00 14 00             	add    %dl,(%rax,%rax,1)
  400632:	00 00                	add    %al,(%rax)
  400634:	00 00                	add    %al,(%rax)
  400636:	00 00                	add    %al,(%rax)
  400638:	01 7a 52             	add    %edi,0x52(%rdx)
  40063b:	00 01                	add    %al,(%rcx)
  40063d:	78 10                	js     40064f <__GNU_EH_FRAME_HDR+0x8f>
  40063f:	01 1b                	add    %ebx,(%rbx)
  400641:	0c 07                	or     $0x7,%al
  400643:	08 90 01 00 00 24    	or     %dl,0x24000001(%rax)
  400649:	00 00                	add    %al,(%rax)
  40064b:	00 1c 00             	add    %bl,(%rax,%rax,1)
  40064e:	00 00                	add    %al,(%rax)
  400650:	60                   	(bad)  
  400651:	fd                   	std    
  400652:	ff                   	(bad)  
  400653:	ff 20                	jmpq   *(%rax)
  400655:	00 00                	add    %al,(%rax)
  400657:	00 00                	add    %al,(%rax)
  400659:	0e                   	(bad)  
  40065a:	10 46 0e             	adc    %al,0xe(%rsi)
  40065d:	18 4a 0f             	sbb    %cl,0xf(%rdx)
  400660:	0b 77 08             	or     0x8(%rdi),%esi
  400663:	80 00 3f             	addb   $0x3f,(%rax)
  400666:	1a 3b                	sbb    (%rbx),%bh
  400668:	2a 33                	sub    (%rbx),%dh
  40066a:	24 22                	and    $0x22,%al
  40066c:	00 00                	add    %al,(%rax)
  40066e:	00 00                	add    %al,(%rax)
  400670:	1c 00                	sbb    $0x0,%al
  400672:	00 00                	add    %al,(%rax)
  400674:	44 00 00             	add    %r8b,(%rax)
  400677:	00 55 fe             	add    %dl,-0x2(%rbp)
  40067a:	ff                   	(bad)  
  40067b:	ff 32                	pushq  (%rdx)
  40067d:	00 00                	add    %al,(%rax)
  40067f:	00 00                	add    %al,(%rax)
  400681:	41 0e                	rex.B (bad) 
  400683:	10 86 02 43 0d 06    	adc    %al,0x60d4302(%rsi)
  400689:	6d                   	insl   (%dx),%es:(%rdi)
  40068a:	0c 07                	or     $0x7,%al
  40068c:	08 00                	or     %al,(%rax)
  40068e:	00 00                	add    %al,(%rax)
  400690:	1c 00                	sbb    $0x0,%al
  400692:	00 00                	add    %al,(%rax)
  400694:	64 00 00             	add    %al,%fs:(%rax)
  400697:	00 67 fe             	add    %ah,-0x2(%rdi)
  40069a:	ff                   	(bad)  
  40069b:	ff 2d 00 00 00 00    	ljmp   *0x0(%rip)        # 4006a1 <__GNU_EH_FRAME_HDR+0xe1>
  4006a1:	41 0e                	rex.B (bad) 
  4006a3:	10 86 02 43 0d 06    	adc    %al,0x60d4302(%rsi)
  4006a9:	68 0c 07 08 00       	pushq  $0x8070c
  4006ae:	00 00                	add    %al,(%rax)
  4006b0:	44 00 00             	add    %r8b,(%rax)
  4006b3:	00 84 00 00 00 78 fe 	add    %al,-0x1880000(%rax,%rax,1)
  4006ba:	ff                   	(bad)  
  4006bb:	ff 65 00             	jmpq   *0x0(%rbp)
  4006be:	00 00                	add    %al,(%rax)
  4006c0:	00 42 0e             	add    %al,0xe(%rdx)
  4006c3:	10 8f 02 45 0e 18    	adc    %cl,0x180e4502(%rdi)
  4006c9:	8e 03                	mov    (%rbx),%es
  4006cb:	45 0e                	rex.RB (bad) 
  4006cd:	20 8d 04 45 0e 28    	and    %cl,0x280e4504(%rbp)
  4006d3:	8c 05 48 0e 30 86    	mov    %es,-0x79cff1b8(%rip)        # ffffffff86701521 <__TMC_END__+0xffffffff861004f9>
  4006d9:	06                   	(bad)  
  4006da:	48 0e                	rex.W (bad) 
  4006dc:	38 83 07 4d 0e 40    	cmp    %al,0x400e4d07(%rbx)
  4006e2:	6c                   	insb   (%dx),%es:(%rdi)
  4006e3:	0e                   	(bad)  
  4006e4:	38 41 0e             	cmp    %al,0xe(%rcx)
  4006e7:	30 41 0e             	xor    %al,0xe(%rcx)
  4006ea:	28 42 0e             	sub    %al,0xe(%rdx)
  4006ed:	20 42 0e             	and    %al,0xe(%rdx)
  4006f0:	18 42 0e             	sbb    %al,0xe(%rdx)
  4006f3:	10 42 0e             	adc    %al,0xe(%rdx)
  4006f6:	08 00                	or     %al,(%rax)
  4006f8:	14 00                	adc    $0x0,%al
  4006fa:	00 00                	add    %al,(%rax)
  4006fc:	cc                   	int3   
  4006fd:	00 00                	add    %al,(%rax)
  4006ff:	00 a0 fe ff ff 02    	add    %ah,0x2fffffe(%rax)
	...

0000000000400710 <__FRAME_END__>:
  400710:	00 00                	add    %al,(%rax)
	...

Disassembly of section .init_array:

0000000000600e10 <__frame_dummy_init_array_entry>:
  600e10:	a0                   	.byte 0xa0
  600e11:	04 40                	add    $0x40,%al
  600e13:	00 00                	add    %al,(%rax)
  600e15:	00 00                	add    %al,(%rax)
	...

Disassembly of section .fini_array:

0000000000600e18 <__do_global_dtors_aux_fini_array_entry>:
  600e18:	80 04 40 00          	addb   $0x0,(%rax,%rax,2)
  600e1c:	00 00                	add    %al,(%rax)
	...

Disassembly of section .jcr:

0000000000600e20 <__JCR_END__>:
	...

Disassembly of section .dynamic:

0000000000600e28 <_DYNAMIC>:
  600e28:	01 00                	add    %eax,(%rax)
  600e2a:	00 00                	add    %al,(%rax)
  600e2c:	00 00                	add    %al,(%rax)
  600e2e:	00 00                	add    %al,(%rax)
  600e30:	01 00                	add    %eax,(%rax)
  600e32:	00 00                	add    %al,(%rax)
  600e34:	00 00                	add    %al,(%rax)
  600e36:	00 00                	add    %al,(%rax)
  600e38:	0c 00                	or     $0x0,%al
  600e3a:	00 00                	add    %al,(%rax)
  600e3c:	00 00                	add    %al,(%rax)
  600e3e:	00 00                	add    %al,(%rax)
  600e40:	90                   	nop
  600e41:	03 40 00             	add    0x0(%rax),%eax
  600e44:	00 00                	add    %al,(%rax)
  600e46:	00 00                	add    %al,(%rax)
  600e48:	0d 00 00 00 00       	or     $0x0,%eax
  600e4d:	00 00                	add    %al,(%rax)
  600e4f:	00 a4 05 40 00 00 00 	add    %ah,0x40(%rbp,%rax,1)
  600e56:	00 00                	add    %al,(%rax)
  600e58:	19 00                	sbb    %eax,(%rax)
  600e5a:	00 00                	add    %al,(%rax)
  600e5c:	00 00                	add    %al,(%rax)
  600e5e:	00 00                	add    %al,(%rax)
  600e60:	10 0e                	adc    %cl,(%rsi)
  600e62:	60                   	(bad)  
  600e63:	00 00                	add    %al,(%rax)
  600e65:	00 00                	add    %al,(%rax)
  600e67:	00 1b                	add    %bl,(%rbx)
  600e69:	00 00                	add    %al,(%rax)
  600e6b:	00 00                	add    %al,(%rax)
  600e6d:	00 00                	add    %al,(%rax)
  600e6f:	00 08                	add    %cl,(%rax)
  600e71:	00 00                	add    %al,(%rax)
  600e73:	00 00                	add    %al,(%rax)
  600e75:	00 00                	add    %al,(%rax)
  600e77:	00 1a                	add    %bl,(%rdx)
  600e79:	00 00                	add    %al,(%rax)
  600e7b:	00 00                	add    %al,(%rax)
  600e7d:	00 00                	add    %al,(%rax)
  600e7f:	00 18                	add    %bl,(%rax)
  600e81:	0e                   	(bad)  
  600e82:	60                   	(bad)  
  600e83:	00 00                	add    %al,(%rax)
  600e85:	00 00                	add    %al,(%rax)
  600e87:	00 1c 00             	add    %bl,(%rax,%rax,1)
  600e8a:	00 00                	add    %al,(%rax)
  600e8c:	00 00                	add    %al,(%rax)
  600e8e:	00 00                	add    %al,(%rax)
  600e90:	08 00                	or     %al,(%rax)
  600e92:	00 00                	add    %al,(%rax)
  600e94:	00 00                	add    %al,(%rax)
  600e96:	00 00                	add    %al,(%rax)
  600e98:	f5                   	cmc    
  600e99:	fe                   	(bad)  
  600e9a:	ff 6f 00             	ljmp   *0x0(%rdi)
  600e9d:	00 00                	add    %al,(%rax)
  600e9f:	00 98 02 40 00 00    	add    %bl,0x4002(%rax)
  600ea5:	00 00                	add    %al,(%rax)
  600ea7:	00 05 00 00 00 00    	add    %al,0x0(%rip)        # 600ead <_DYNAMIC+0x85>
  600ead:	00 00                	add    %al,(%rax)
  600eaf:	00 00                	add    %al,(%rax)
  600eb1:	03 40 00             	add    0x0(%rax),%eax
  600eb4:	00 00                	add    %al,(%rax)
  600eb6:	00 00                	add    %al,(%rax)
  600eb8:	06                   	(bad)  
  600eb9:	00 00                	add    %al,(%rax)
  600ebb:	00 00                	add    %al,(%rax)
  600ebd:	00 00                	add    %al,(%rax)
  600ebf:	00 b8 02 40 00 00    	add    %bh,0x4002(%rax)
  600ec5:	00 00                	add    %al,(%rax)
  600ec7:	00 0a                	add    %cl,(%rdx)
  600ec9:	00 00                	add    %al,(%rax)
  600ecb:	00 00                	add    %al,(%rax)
  600ecd:	00 00                	add    %al,(%rax)
  600ecf:	00 38                	add    %bh,(%rax)
  600ed1:	00 00                	add    %al,(%rax)
  600ed3:	00 00                	add    %al,(%rax)
  600ed5:	00 00                	add    %al,(%rax)
  600ed7:	00 0b                	add    %cl,(%rbx)
  600ed9:	00 00                	add    %al,(%rax)
  600edb:	00 00                	add    %al,(%rax)
  600edd:	00 00                	add    %al,(%rax)
  600edf:	00 18                	add    %bl,(%rax)
  600ee1:	00 00                	add    %al,(%rax)
  600ee3:	00 00                	add    %al,(%rax)
  600ee5:	00 00                	add    %al,(%rax)
  600ee7:	00 15 00 00 00 00    	add    %dl,0x0(%rip)        # 600eed <_DYNAMIC+0xc5>
	...
  600ef5:	00 00                	add    %al,(%rax)
  600ef7:	00 03                	add    %al,(%rbx)
	...
  600f01:	10 60 00             	adc    %ah,0x0(%rax)
  600f04:	00 00                	add    %al,(%rax)
  600f06:	00 00                	add    %al,(%rax)
  600f08:	02 00                	add    (%rax),%al
  600f0a:	00 00                	add    %al,(%rax)
  600f0c:	00 00                	add    %al,(%rax)
  600f0e:	00 00                	add    %al,(%rax)
  600f10:	18 00                	sbb    %al,(%rax)
  600f12:	00 00                	add    %al,(%rax)
  600f14:	00 00                	add    %al,(%rax)
  600f16:	00 00                	add    %al,(%rax)
  600f18:	14 00                	adc    $0x0,%al
  600f1a:	00 00                	add    %al,(%rax)
  600f1c:	00 00                	add    %al,(%rax)
  600f1e:	00 00                	add    %al,(%rax)
  600f20:	07                   	(bad)  
  600f21:	00 00                	add    %al,(%rax)
  600f23:	00 00                	add    %al,(%rax)
  600f25:	00 00                	add    %al,(%rax)
  600f27:	00 17                	add    %dl,(%rdi)
  600f29:	00 00                	add    %al,(%rax)
  600f2b:	00 00                	add    %al,(%rax)
  600f2d:	00 00                	add    %al,(%rax)
  600f2f:	00 78 03             	add    %bh,0x3(%rax)
  600f32:	40 00 00             	add    %al,(%rax)
  600f35:	00 00                	add    %al,(%rax)
  600f37:	00 07                	add    %al,(%rdi)
  600f39:	00 00                	add    %al,(%rax)
  600f3b:	00 00                	add    %al,(%rax)
  600f3d:	00 00                	add    %al,(%rax)
  600f3f:	00 60 03             	add    %ah,0x3(%rax)
  600f42:	40 00 00             	add    %al,(%rax)
  600f45:	00 00                	add    %al,(%rax)
  600f47:	00 08                	add    %cl,(%rax)
  600f49:	00 00                	add    %al,(%rax)
  600f4b:	00 00                	add    %al,(%rax)
  600f4d:	00 00                	add    %al,(%rax)
  600f4f:	00 18                	add    %bl,(%rax)
  600f51:	00 00                	add    %al,(%rax)
  600f53:	00 00                	add    %al,(%rax)
  600f55:	00 00                	add    %al,(%rax)
  600f57:	00 09                	add    %cl,(%rcx)
  600f59:	00 00                	add    %al,(%rax)
  600f5b:	00 00                	add    %al,(%rax)
  600f5d:	00 00                	add    %al,(%rax)
  600f5f:	00 18                	add    %bl,(%rax)
  600f61:	00 00                	add    %al,(%rax)
  600f63:	00 00                	add    %al,(%rax)
  600f65:	00 00                	add    %al,(%rax)
  600f67:	00 fe                	add    %bh,%dh
  600f69:	ff                   	(bad)  
  600f6a:	ff 6f 00             	ljmp   *0x0(%rdi)
  600f6d:	00 00                	add    %al,(%rax)
  600f6f:	00 40 03             	add    %al,0x3(%rax)
  600f72:	40 00 00             	add    %al,(%rax)
  600f75:	00 00                	add    %al,(%rax)
  600f77:	00 ff                	add    %bh,%bh
  600f79:	ff                   	(bad)  
  600f7a:	ff 6f 00             	ljmp   *0x0(%rdi)
  600f7d:	00 00                	add    %al,(%rax)
  600f7f:	00 01                	add    %al,(%rcx)
  600f81:	00 00                	add    %al,(%rax)
  600f83:	00 00                	add    %al,(%rax)
  600f85:	00 00                	add    %al,(%rax)
  600f87:	00 f0                	add    %dh,%al
  600f89:	ff                   	(bad)  
  600f8a:	ff 6f 00             	ljmp   *0x0(%rdi)
  600f8d:	00 00                	add    %al,(%rax)
  600f8f:	00 38                	add    %bh,(%rax)
  600f91:	03 40 00             	add    0x0(%rax),%eax
	...

Disassembly of section .got:

0000000000600ff8 <.got>:
	...

Disassembly of section .got.plt:

0000000000601000 <_GLOBAL_OFFSET_TABLE_>:
  601000:	28 0e                	sub    %cl,(%rsi)
  601002:	60                   	(bad)  
	...
  601017:	00 c6                	add    %al,%dh
  601019:	03 40 00             	add    0x0(%rax),%eax
  60101c:	00 00                	add    %al,(%rax)
	...

Disassembly of section .data:

0000000000601020 <__data_start>:
  601020:	00 00                	add    %al,(%rax)
	...

Disassembly of section .bss:

0000000000601024 <__bss_start>:
  601024:	00 00                	add    %al,(%rax)
	...

Disassembly of section .comment:

0000000000000000 <.comment>:
   0:	47                   	rex.RXB
   1:	43                   	rex.XB
   2:	43 3a 20             	rex.XB cmp (%r8),%spl
   5:	28 47 4e             	sub    %al,0x4e(%rdi)
   8:	55                   	push   %rbp
   9:	29 20                	sub    %esp,(%rax)
   b:	34 2e                	xor    $0x2e,%al
   d:	38 2e                	cmp    %ch,(%rsi)
   f:	35 20 32 30 31       	xor    $0x31303220,%eax
  14:	35 30 36 32 33       	xor    $0x33323630,%eax
  19:	20 28                	and    %ch,(%rax)
  1b:	52                   	push   %rdx
  1c:	65 64 20 48 61       	gs and %cl,%fs:0x61(%rax)
  21:	74 20                	je     43 <_init-0x40034d>
  23:	34 2e                	xor    $0x2e,%al
  25:	38 2e                	cmp    %ch,(%rsi)
  27:	35 2d 32 38 29       	xor    $0x2938322d,%eax
	...
